[2023-08-19T21:56:58.084180+00:00] pagamento_simplificado_logs.log.ERROR: bad_request {"data":["{\"originAccountId\":[\"The origin account id field is required.\"]}"],"previous":null} []
[2023-08-19T21:57:06.649427+00:00] pagamento_simplificado_logs.log.ERROR: bad_request {"data":["{\"originAccountId\":[\"The origin account id field is required.\"]}"],"previous":null} []
[2023-08-19T21:58:07.097106+00:00] pagamento_simplificado_logs.log.ERROR: bad_request {"data":["{\"originAccountId\":[\"The origin account id field is required.\"]}"],"previous":null} []
[2023-08-19T21:58:18.554127+00:00] pagamento_simplificado_logs.log.ERROR: bad_request {"data":["{\"originAccountId\":[\"The origin account id field is required.\"]}"],"previous":null} []
[2023-08-19T21:58:44.653974+00:00] pagamento_simplificado_logs.log.ERROR: bad_request {"data":["\"{\\\"originAccountId\\\":[\\\"The origin account id field is required.\\\"]}\""],"previous":null} []
[2023-08-19T21:58:59.833320+00:00] pagamento_simplificado_logs.log.ERROR: bad_request {"data":[{"stdClass":{"originAccountId":["The origin account id field is required."]}}],"previous":null} []
[2023-08-19T21:59:24.852287+00:00] pagamento_simplificado_logs.log.ERROR: bad_request {"data":[{"stdClass":{"originAccountId":["The origin account id field is required."]}}],"previous":null} []
[2023-08-19T21:59:37.505933+00:00] pagamento_simplificado_logs.log.ERROR: bad_request {"data":["\"{\\\"originAccountId\\\":[\\\"The origin account id field is required.\\\"]}\""],"previous":null} []
[2023-08-19T21:59:46.786945+00:00] pagamento_simplificado_logs.log.ERROR: bad_request {"data":["{\"originAccountId\":[\"The origin account id field is required.\"]}"],"previous":null} []
[2023-08-19T22:00:06.567642+00:00] pagamento_simplificado_logs.log.ERROR: bad_request {"data":["{\"originAccountId\":[\"The origin account id field is required.\"]}"],"previous":null} []
[2023-08-19T22:02:23.976961+00:00] pagamento_simplificado_logs.log.ERROR: bad_request {"data":["{\"originAccountId\":[\"The origin account id field is required.\"]}"],"previous":null} []
[2023-08-19T22:02:28.818856+00:00] pagamento_simplificado_logs.log.ERROR: bad_request {"data":["{\"originAccountId\":[\"The origin account id field is required.\"]}"],"previous":null} []
[2023-08-19T22:02:50.539820+00:00] pagamento_simplificado_logs.ERROR: bad_request {"data":["{\"originAccountId\":[\"The origin account id field is required.\"]}"],"previous":null} []
[2023-08-19T22:02:54.819560+00:00] pagamento_simplificado_logs.ERROR: bad_request {"data":["{\"originAccountId\":[\"The origin account id field is required.\"]}"],"previous":null} []
[2023-08-19T22:02:57.139447+00:00] pagamento_simplificado_logs.ERROR: bad_request {"data":["{\"originAccountId\":[\"The origin account id field is required.\"]}"],"previous":null} []
[2023-08-19T22:03:14.862836+00:00] pagamento_simplificado_logs.ERROR: bad_request {"data":["{\"originAccountId\":[\"The origin account id field is required.\"]}"],"previous":null} []
[2023-08-19T22:03:31.146282+00:00] pagamento_simplificado_logs.WARNING: bad_request {"data":["{\"originAccountId\":[\"The origin account id field is required.\"]}"],"previous":null} []
[2023-08-19T22:03:46.889913+00:00] .WARNING: bad_request {"data":["{\"originAccountId\":[\"The origin account id field is required.\"]}"],"previous":null} []
[2023-08-19T22:03:50.155393+00:00] .WARNING: bad_request {"data":["{\"originAccountId\":[\"The origin account id field is required.\"]}"],"previous":null} []
[2023-08-19T22:03:53.437069+00:00] .WARNING: bad_request {"data":["{\"originAccountId\":[\"The origin account id field is required.\"]}"],"previous":null} []
[2023-08-19T22:03:55.720930+00:00] .WARNING: bad_request {"data":["{\"originAccountId\":[\"The origin account id field is required.\"]}"],"previous":null} []
[2023-08-19T22:04:26.203410+00:00] .WARNING: bad_request {"data":["{\"originAccountId\":[\"The origin account id field is required.\"]}"]} []
[2023-08-19T22:04:29.588649+00:00] .WARNING: bad_request {"data":["{\"originAccountId\":[\"The origin account id field is required.\"]}"]} []
[2023-08-19T22:04:49.907671+00:00] .WARNING: bad_request {"data":"{\"originAccountId\":[\"The origin account id field is required.\"]}"} []
[2023-08-19T22:04:52.246302+00:00] .WARNING: bad_request {"data":"{\"originAccountId\":[\"The origin account id field is required.\"]}"} []
[2023-08-19T22:04:53.889620+00:00] .WARNING: bad_request {"data":"{\"originAccountId\":[\"The origin account id field is required.\"]}"} []
[2023-08-19T22:05:10.628977+00:00] .WARNING: bad_request {"data":{"Illuminate\\Support\\MessageBag":{"originAccountId":["The origin account id field is required."]}}} []
[2023-08-19T22:05:36.806309+00:00] .WARNING: bad_request {"data":"{\"originAccountId\":[\"The origin account id field is required.\"]}"} []
[2023-08-19T22:05:42.629837+00:00] .WARNING: bad_request {"data":"{\"originAccountId\":[\"The origin account id field is required.\"]}"} []
[2023-08-19T22:05:49.497750+00:00] .WARNING: bad_request {"data":"{\"originAccountId\":[\"The origin account id field is required.\"]}"} []
[2023-08-19T22:06:12.957066+00:00] .WARNING: bad_request {"data":{"originAccountId":["The origin account id field is required."]}} []
[2023-08-19T22:06:38.488905+00:00] .WARNING: bad_request {"data":{"originAccountId":["The origin account id field is required."]}} []
[2023-08-19T22:06:40.048606+00:00] .WARNING: bad_request {"data":{"originAccountId":["The origin account id field is required."]}} []
[2023-08-19T22:06:40.947685+00:00] .WARNING: bad_request {"data":{"originAccountId":["The origin account id field is required."]}} []
[2023-08-19T22:06:41.744500+00:00] .WARNING: bad_request {"data":{"originAccountId":["The origin account id field is required."]}} []
[2023-08-19T22:08:59.825637+00:00] .WARNING: bad_request {"data":{"originAccountId":["The origin account id field is required."]}} []
[2023-08-19T22:09:37.284409+00:00] .WARNING: bad_request {"data":{"originAccountId":["The origin account id field is required."]}} []
[2023-08-19T22:09:37.771017+00:00] .WARNING: bad_request {"data":{"originAccountId":["The origin account id field is required."]}} []
[2023-08-19T22:09:38.252596+00:00] .WARNING: bad_request {"data":{"originAccountId":["The origin account id field is required."]}} []
[2023-08-19T22:09:44.812628+00:00] .WARNING: bad_request {"data":{"originAccountId":["The origin account id field is required."],"destinationAccountId":["The destination account id field is required."]}} []
[2023-08-19T22:10:28.690320+00:00] .INFO: transfer request [] []
[2023-08-19T22:10:28.690721+00:00] .ERROR: server_error {"data":"Insufficient funds","previous":null} []
[2023-08-19T22:11:39.099715+00:00] .ERROR: server_error {"data":"Insufficient funds","previous":null} []
[2023-08-19T22:17:20.529947+00:00] .INFO: http_request {"data":{"originAccountId":"cc8b43ca-207f-4b73-be25-9b8c194ee5f8","destinationAccountId":"ea2bcb8d-fd48-483f-8a15-763d40a0c360","amount":10}} []
[2023-08-19T22:19:13.529000+00:00] .INFO: http_request {"data":{"originAccountId":"cc8b43ca-207f-4b73-be25-9b8c194ee5f8","destinationAccountId":"ea2bcb8d-fd48-483f-8a15-763d40a0c360","amount":10}} []
[2023-08-19T22:19:14.820415+00:00] .INFO: http_response {"data":204} []
[2023-08-19T22:19:22.820319+00:00] .INFO: http_request {"data":{"originAccountId":"cc8b43ca-207f-4b73-be25-9b8c194ee5f8","destinationAccountId":"ea2bcb8d-fd48-483f-8a15-763d40a0c360","amount":10}} []
[2023-08-19T22:19:24.133258+00:00] .INFO: http_response {"data":204} []
[2023-08-19T22:19:32.605266+00:00] .INFO: http_request {"data":{"originAccountIds":"cc8b43ca-207f-4b73-be25-9b8c194ee5f8","destinationAccountId":"ea2bcb8d-fd48-483f-8a15-763d40a0c360","amount":10}} []
[2023-08-19T22:19:32.606697+00:00] .WARNING: bad_request {"data":{"originAccountId":["The origin account id field is required."]}} []
[2023-08-19T22:19:44.917204+00:00] .INFO: http_request {"data":{"originAccountId":"cc8b43ca-207f-4b73-be25-9b8c194ee5f8","destinationAccountId":"ea2bcb8d-fd48-483f-8a15-763d40a0c360","amount":10}} []
[2023-08-19T22:19:46.146784+00:00] .INFO: http_response {"data":204} []
[2023-08-19T22:19:50.348809+00:00] .INFO: http_request {"data":{"originAccountId":"cc8b43ca-207f-4b73-be25-9b8c194ee5f8","destinationAccountId":"ea2bcb8d-fd48-483f-8a15-763d40a0c360","amount":100}} []
[2023-08-19T22:19:50.350427+00:00] .ERROR: server_error {"data":"Insufficient funds","previous":null} []
[2023-08-19T22:19:54.369448+00:00] .INFO: http_request {"data":{"originAccountId":"cc8b43ca-207f-4b73-be25-9b8c194ee5f8","destinationAccountId":"ea2bcb8d-fd48-483f-8a15-763d40a0c360","amount":100}} []
[2023-08-19T22:19:54.370541+00:00] .ERROR: server_error {"data":"Insufficient funds","previous":null} []
[2023-08-19T22:20:54.672530+00:00] .INFO: http_request {"data":{"originAccountId":"cc8b43ca-207f-4b73-be25-9b8c194ee5f8","destinationAccountId":"ea2bcb8d-fd48-483f-8a15-763d40a0c360","amount":100}} []
[2023-08-19T22:20:54.674028+00:00] .ERROR: server_error {"data":"Call to a member function getStatusCode() on null","previous":"[object] (RuntimeException(code: 0): Insufficient funds at /app/src/app/command/transfer/TransferHandler.php:39)"} []
[2023-08-19T22:22:21.171640+00:00] .INFO: http_request {"data":{"originAccountId":"cc8b43ca-207f-4b73-be25-9b8c194ee5f8","destinationAccountId":"ea2bcb8d-fd48-483f-8a15-763d40a0c360","amount":100}} []
[2023-08-19T22:22:21.173761+00:00] .ERROR: server_error {"data":"Insufficient funds","previous":"[object] (Error(code: 0): Call to undefined method RuntimeException::getStatusCode() at /app/src/infra/http/controller/middleware/MiddlewareLogRequest.php:27)"} []
[2023-08-19T22:22:26.244122+00:00] .INFO: http_request {"data":{"originAccountId":"cc8b43ca-207f-4b73-be25-9b8c194ee5f8","destinationAccountId":"ea2bcb8d-fd48-483f-8a15-763d40a0c360","amount":100}} []
[2023-08-19T22:22:26.246060+00:00] .ERROR: server_error {"data":"Insufficient funds","previous":"[object] (Error(code: 0): Call to undefined method RuntimeException::getStatusCode() at /app/src/infra/http/controller/middleware/MiddlewareLogRequest.php:27)"} []
[2023-08-19T22:23:08.103715+00:00] .INFO: http_request {"data":{"originAccountId":"cc8b43ca-207f-4b73-be25-9b8c194ee5f8","destinationAccountId":"ea2bcb8d-fd48-483f-8a15-763d40a0c360","amount":100}} []
[2023-08-19T22:23:08.105574+00:00] .ERROR: server_error {"data":"Insufficient funds","previous":null} []
[2023-08-19T22:23:11.679698+00:00] .INFO: http_request {"data":{"originAccountId":"cc8b43ca-207f-4b73-be25-9b8c194ee5f8","destinationAccountId":"ea2bcb8d-fd48-483f-8a15-763d40a0c360","amount":100}} []
[2023-08-19T22:23:11.681129+00:00] .ERROR: server_error {"data":"Insufficient funds","previous":null} []
[2023-08-19T22:23:23.920814+00:00] .INFO: http_request {"data":{"originAccountId":"cc8b43ca-207f-4b73-be25-9b8c194ee5f8","destinationAccountId":"ea2bcb8d-fd48-483f-8a15-763d40a0c360","amount":10}} []
[2023-08-19T22:23:25.186229+00:00] .INFO: http_response {"data":204} []
[2023-08-19T22:23:32.398025+00:00] .INFO: http_request {"data":{"originAccountId":"cc8b43ca-207f-4b73-be25-9b8c194ee5f8","destinationAccountId":"ea2bcb8d-fd48-483f-8a15-763d40a0c360","amount":10}} []
[2023-08-19T22:23:33.583423+00:00] .INFO: http_response {"data":204} []
[2023-08-19T22:23:59.758468+00:00] .INFO: http_request {"data":{"originAccountId":"cc8b43ca-207f-4b73-be25-9b8c194ee5f8","destinationAccountId":"ea2bcb8d-fd48-483f-8a15-763d40a0c360","amount":10}} []
[2023-08-19T22:24:01.030247+00:00] .INFO: http_response {"data":204} []
[2023-08-19T22:24:01.951337+00:00] .INFO: http_request {"data":{"originAccountId":"cc8b43ca-207f-4b73-be25-9b8c194ee5f8","destinationAccountId":"ea2bcb8d-fd48-483f-8a15-763d40a0c360","amount":10}} []
[2023-08-19T22:24:03.218204+00:00] .INFO: http_response {"data":204} []
[2023-08-19T22:24:07.889420+00:00] .INFO: http_request {"data":{"originAccountId":"cc8b43ca-207f-4b73-be25-9b8c194ee5f8","destinationAccountId":"ea2bcb8d-fd48-483f-8a15-763d40a0c360","amount":10}} []
[2023-08-19T22:24:08.917214+00:00] .INFO: http_response {"data":204} []
[2023-08-19T22:24:20.936942+00:00] .INFO: http_request {"data":{"originAccountId":"cc8b43ca-207f-4b73-be25-9b8c194ee5f8","destinationAccountId":"ea2bcb8d-fd48-483f-8a15-763d40a0c360","amount":10}} []
[2023-08-19T22:24:22.098166+00:00] .INFO: http_response {"data":204} []
